# Logfile created on Tue Jul 22 20:44:56 +0530 2008 by /
  Parameters: {"action"=>"index", "controller"=>"inspection_histories"}
  [4;36;1mInspectionHistory Load (0.015000)[0m   [0;1mSELECT * FROM `inspection_histories` [0m
Rendering template within layouts/inspection_histories
Rendering inspection_histories/index
Completed in 0.03100 (32 reqs/sec) | Rendering: 0.00000 (0%) | DB: 0.01500 (48%) | 200 OK [http://localhost/inspection_histories]


Processing InspectionHistoriesController#new (for 127.0.0.1 at 2008-07-22 20:45:04) [GET]
  Session ID: BAh7BzoMY3NyZl9pZCIlMmVhZjJmYWZiYWU4YWYzY2NhN2E5OGM0YzZhZWI1
YTgiCmZsYXNoSUM6J0FjdGlvbkNvbnRyb2xsZXI6OkZsYXNoOjpGbGFzaEhh
c2h7AAY6CkB1c2VkewA=--0bd992dcab52fb74400512999a760b167b4a81c5
  Parameters: {"action"=>"new", "controller"=>"inspection_histories"}
  [4;35;1mInspectionHistory Columns (0.000000)[0m   [0mSHOW FIELDS FROM `inspection_histories`[0m
Rendering template within layouts/inspection_histories
Rendering inspection_histories/new
Completed in 0.03100 (32 reqs/sec) | Rendering: 0.01600 (51%) | DB: 0.00000 (0%) | 200 OK [http://localhost/inspection_histories/new]


Processing MainController#index (for 127.0.0.1 at 2008-07-23 09:30:40) [GET]
  Session ID: 029ba48c96b6c0ee16298f465d76e21f
  Parameters: {"action"=>"index", "controller"=>"main"}
WARNING: You're using the Ruby-based MySQL library that ships with Rails. This library is not suited for production. Please install the C-based MySQL library instead (gem install mysql).
  [4;36;1mSQL (0.437000)[0m   [0;1mSET SQL_AUTO_IS_NULL=0[0m
Rendering main/index
Completed in 0.12500 (8 reqs/sec) | Rendering: 0.12500 (100%) | DB: 0.43700 (349%) | 200 OK [http://localhost/main]


Processing CompaniesController#index (for 127.0.0.1 at 2008-07-23 09:30:44) [GET]
  Session ID: BAh7BiIKZmxhc2hJQzonQWN0aW9uQ29udHJvbGxlcjo6Rmxhc2g6OkZsYXNo
SGFzaHsABjoKQHVzZWR7AA==--00545c4650035790a257150a1b503dac4b57e5c1
  Parameters: {"action"=>"index", "controller"=>"companies"}
  [4;35;1mCompany Load (0.499000)[0m   [0mSELECT * FROM `companies` [0m
Rendering template within layouts/companies
Rendering companies/index
  [4;36;1mCompany Columns (0.000000)[0m   [0;1mSHOW FIELDS FROM `companies`[0m
Completed in 0.70200 (1 reqs/sec) | Rendering: 0.15600 (22%) | DB: 0.49900 (71%) | 200 OK [http://localhost/companies]


Processing CompaniesController#index (for 127.0.0.1 at 2008-07-23 09:30:45) [GET]
  Session ID: BAh7BiIKZmxhc2hJQzonQWN0aW9uQ29udHJvbGxlcjo6Rmxhc2g6OkZsYXNo
SGFzaHsABjoKQHVzZWR7AA==--00545c4650035790a257150a1b503dac4b57e5c1
  Parameters: {"action"=>"index", "controller"=>"companies"}
  [4;35;1mCompany Load (0.000000)[0m   [0mSELECT * FROM `companies` [0m
Rendering template within layouts/companies
Rendering companies/index
  [4;36;1mCompany Columns (0.000000)[0m   [0;1mSHOW FIELDS FROM `companies`[0m
Completed in 0.04700 (21 reqs/sec) | Rendering: 0.01600 (34%) | DB: 0.00000 (0%) | 200 OK [http://localhost/companies]


Processing CompaniesController#show (for 127.0.0.1 at 2008-07-23 09:30:49) [GET]
  Session ID: BAh7BzoMY3NyZl9pZCIlNDhhNDQ1M2ZjNDg3MGRmZTU1MzhlYTRlOWI5ZmQ1
ZWEiCmZsYXNoSUM6J0FjdGlvbkNvbnRyb2xsZXI6OkZsYXNoOjpGbGFzaEhh
c2h7AAY6CkB1c2VkewA=--40c3417d7a4bffd4551d42766252e0cbc72e79c6
  Parameters: {"action"=>"show", "id"=>"1", "controller"=>"companies"}
  [4;35;1mCompany Columns (0.000000)[0m   [0mSHOW FIELDS FROM `companies`[0m
  [4;36;1mCompany Load (0.016000)[0m   [0;1mSELECT * FROM `companies` WHERE (`companies`.`id` = 1) [0m
Rendering template within layouts/companies
Rendering companies/show
Completed in 0.04600 (21 reqs/sec) | Rendering: 0.01500 (32%) | DB: 0.01600 (34%) | 200 OK [http://localhost/companies/1]


Processing CompaniesController#show (for 127.0.0.1 at 2008-07-23 09:30:50) [GET]
  Session ID: BAh7BzoMY3NyZl9pZCIlNDhhNDQ1M2ZjNDg3MGRmZTU1MzhlYTRlOWI5ZmQ1
ZWEiCmZsYXNoSUM6J0FjdGlvbkNvbnRyb2xsZXI6OkZsYXNoOjpGbGFzaEhh
c2h7AAY6CkB1c2VkewA=--40c3417d7a4bffd4551d42766252e0cbc72e79c6
  Parameters: {"action"=>"show", "id"=>"1", "controller"=>"companies"}
  [4;35;1mCompany Columns (0.000000)[0m   [0mSHOW FIELDS FROM `companies`[0m
  [4;36;1mCompany Load (0.000000)[0m   [0;1mSELECT * FROM `companies` WHERE (`companies`.`id` = 1) [0m
Rendering template within layouts/companies
Rendering companies/show
Completed in 0.15600 (6 reqs/sec) | Rendering: 0.01600 (10%) | DB: 0.00000 (0%) | 200 OK [http://localhost/companies/1]


Processing RefillHistoriesController#index (for 127.0.0.1 at 2008-07-23 09:30:56) [GET]
  Session ID: BAh7BzoMY3NyZl9pZCIlNDhhNDQ1M2ZjNDg3MGRmZTU1MzhlYTRlOWI5ZmQ1
ZWEiCmZsYXNoSUM6J0FjdGlvbkNvbnRyb2xsZXI6OkZsYXNoOjpGbGFzaEhh
c2h7AAY6CkB1c2VkewA=--40c3417d7a4bffd4551d42766252e0cbc72e79c6
  Parameters: {"action"=>"index", "controller"=>"refill_histories"}
  [4;35;1mRefillHistory Load (0.047000)[0m   [0mSELECT * FROM `refill_histories` [0m
Rendering template within layouts/refill_histories
Rendering refill_histories/index
Completed in 0.12400 (8 reqs/sec) | Rendering: 0.04600 (37%) | DB: 0.04700 (37%) | 200 OK [http://localhost/refill_histories]


Processing RefillHistoriesController#index (for 127.0.0.1 at 2008-07-23 09:30:56) [GET]
  Session ID: BAh7BzoMY3NyZl9pZCIlNDhhNDQ1M2ZjNDg3MGRmZTU1MzhlYTRlOWI5ZmQ1
ZWEiCmZsYXNoSUM6J0FjdGlvbkNvbnRyb2xsZXI6OkZsYXNoOjpGbGFzaEhh
c2h7AAY6CkB1c2VkewA=--40c3417d7a4bffd4551d42766252e0cbc72e79c6
  Parameters: {"action"=>"index", "controller"=>"refill_histories"}
  [4;36;1mRefillHistory Load (0.000000)[0m   [0;1mSELECT * FROM `refill_histories` [0m
Rendering template within layouts/refill_histories
Rendering refill_histories/index
Completed in 0.01600 (62 reqs/sec) | Rendering: 0.00000 (0%) | DB: 0.00000 (0%) | 200 OK [http://localhost/refill_histories]


Processing RefillHistoriesController#new (for 127.0.0.1 at 2008-07-23 09:30:58) [GET]
  Session ID: BAh7BzoMY3NyZl9pZCIlNDhhNDQ1M2ZjNDg3MGRmZTU1MzhlYTRlOWI5ZmQ1
ZWEiCmZsYXNoSUM6J0FjdGlvbkNvbnRyb2xsZXI6OkZsYXNoOjpGbGFzaEhh
c2h7AAY6CkB1c2VkewA=--40c3417d7a4bffd4551d42766252e0cbc72e79c6
  Parameters: {"action"=>"new", "controller"=>"refill_histories"}
  [4;35;1mRefillHistory Columns (0.000000)[0m   [0mSHOW FIELDS FROM `refill_histories`[0m
Rendering template within layouts/refill_histories
Rendering refill_histories/new
Completed in 0.32800 (3 reqs/sec) | Rendering: 0.29700 (90%) | DB: 0.00000 (0%) | 200 OK [http://localhost/refill_histories/new]


Processing ApplicationController#index (for 127.0.0.1 at 2008-07-23 10:25:28) [GET]
  Session ID: BAh7BzoMY3NyZl9pZCIlNDhhNDQ1M2ZjNDg3MGRmZTU1MzhlYTRlOWI5ZmQ1
ZWEiCmZsYXNoSUM6J0FjdGlvbkNvbnRyb2xsZXI6OkZsYXNoOjpGbGFzaEhh
c2h7AAY6CkB1c2VkewA=--40c3417d7a4bffd4551d42766252e0cbc72e79c6
  Parameters: {}


ActionController::RoutingError (No route matches "/listings/search_form" with {:method=>:get}):
    F:/ruby/lib/ruby/gems/1.8/gems/actionpack-2.1.0/lib/action_controller/routing/recognition_optimisation.rb:67:in `recognize_path'
    F:/ruby/lib/ruby/gems/1.8/gems/actionpack-2.1.0/lib/action_controller/routing/route_set.rb:384:in `recognize'
    F:/ruby/lib/ruby/gems/1.8/gems/actionpack-2.1.0/lib/action_controller/dispatcher.rb:148:in `handle_request'
    F:/ruby/lib/ruby/gems/1.8/gems/actionpack-2.1.0/lib/action_controller/dispatcher.rb:107:in `dispatch'
    F:/ruby/lib/ruby/gems/1.8/gems/actionpack-2.1.0/lib/action_controller/dispatcher.rb:104:in `synchronize'
    F:/ruby/lib/ruby/gems/1.8/gems/actionpack-2.1.0/lib/action_controller/dispatcher.rb:104:in `dispatch'
    F:/ruby/lib/ruby/gems/1.8/gems/actionpack-2.1.0/lib/action_controller/dispatcher.rb:120:in `dispatch_cgi'
    F:/ruby/lib/ruby/gems/1.8/gems/actionpack-2.1.0/lib/action_controller/dispatcher.rb:35:in `dispatch'
    F:/ruby/lib/ruby/gems/1.8/gems/rails-2.1.0/lib/webrick_server.rb:112:in `handle_dispatch'
    F:/ruby/lib/ruby/gems/1.8/gems/rails-2.1.0/lib/webrick_server.rb:78:in `service'
    F:/ruby/lib/ruby/1.8/webrick/httpserver.rb:104:in `service'
    F:/ruby/lib/ruby/1.8/webrick/httpserver.rb:65:in `run'
    F:/ruby/lib/ruby/1.8/webrick/server.rb:173:in `start_thread'
    F:/ruby/lib/ruby/1.8/webrick/server.rb:162:in `start'
    F:/ruby/lib/ruby/1.8/webrick/server.rb:162:in `start_thread'
    F:/ruby/lib/ruby/1.8/webrick/server.rb:95:in `start'
    F:/ruby/lib/ruby/1.8/webrick/server.rb:92:in `each'
    F:/ruby/lib/ruby/1.8/webrick/server.rb:92:in `start'
    F:/ruby/lib/ruby/1.8/webrick/server.rb:23:in `start'
    F:/ruby/lib/ruby/1.8/webrick/server.rb:82:in `start'
    F:/ruby/lib/ruby/gems/1.8/gems/rails-2.1.0/lib/webrick_server.rb:62:in `dispatch'
    F:/ruby/lib/ruby/gems/1.8/gems/rails-2.1.0/lib/commands/servers/webrick.rb:66
    F:/ruby/lib/ruby/site_ruby/1.8/rubygems/custom_require.rb:27:in `gem_original_require'
    F:/ruby/lib/ruby/site_ruby/1.8/rubygems/custom_require.rb:27:in `require'
    F:/ruby/lib/ruby/gems/1.8/gems/activesupport-2.1.0/lib/active_support/dependencies.rb:509:in `require'
    F:/ruby/lib/ruby/gems/1.8/gems/activesupport-2.1.0/lib/active_support/dependencies.rb:354:in `new_constants_in'
    F:/ruby/lib/ruby/gems/1.8/gems/activesupport-2.1.0/lib/active_support/dependencies.rb:509:in `require'
    F:/ruby/lib/ruby/gems/1.8/gems/rails-2.1.0/lib/commands/server.rb:39
    F:/ruby/lib/ruby/site_ruby/1.8/rubygems/custom_require.rb:27:in `gem_original_require'
    F:/ruby/lib/ruby/site_ruby/1.8/rubygems/custom_require.rb:27:in `require'
    script/server:3

Rendering F:/ruby/lib/ruby/gems/1.8/gems/actionpack-2.1.0/lib/action_controller/templates/rescues/layout.erb (not_found)
